Added Component: Designator=C1(CAPC0603(1608)100_L)
Added Component: Designator=C?(AVX-CAPC7343_V)
Added Component: Designator=JP1(JST-7-PTH)
Added Component: Designator=U1(AMS-SSOP-20-7200X5300DE_L)
Added Pin To Net: NetName=A Pin=JP1-3
Added Pin To Net: NetName=A Pin=U1-14
Added Net: Name=A
Added Pin To Net: NetName=B Pin=JP1-2
Added Pin To Net: NetName=B Pin=U1-15
Added Net: Name=B
Added Pin To Net: NetName=CLK Pin=JP1-5
Added Pin To Net: NetName=CLK Pin=U1-9
Added Net: Name=CLK
Added Pin To Net: NetName=CS Pin=JP1-6
Added Pin To Net: NetName=CS Pin=U1-4
Added Net: Name=CS
Added Pin To Net: NetName=DIO Pin=JP1-4
Added Pin To Net: NetName=DIO Pin=U1-10
Added Net: Name=DIO
Added Pin To Net: NetName=GND Pin=C1-1
Added Pin To Net: NetName=GND Pin=C?-2
Added Pin To Net: NetName=GND Pin=JP1-1
Added Pin To Net: NetName=GND Pin=U1-2
Added Pin To Net: NetName=GND Pin=U1-5
Added Net: Name=GND
Added Pin To Net: NetName=VCC Pin=C1-2
Added Pin To Net: NetName=VCC Pin=C?-1
Added Pin To Net: NetName=VCC Pin=JP1-7
Added Pin To Net: NetName=VCC Pin=U1-7
Added Net: Name=VCC
Added Class: Name=Encoder
