Removed Pin From Net: NetName=VCC Pin=JP1-7
Removed Pin From Net: NetName=DIO Pin=U1-10
Removed Pin From Net: NetName=A Pin=U1-14
Removed Pin From Net: NetName=B Pin=U1-15
Change Component Footprint: Designator=C1 Old Footprint=CAPC0603(1608)100_L New Footprint=CAPC0603(1608)100_M
Added Component: Designator=R1(RESC0603(1608)_L)
Added Component: Designator=R2(RESC0603(1608)_L)
Added Component: Designator=R3(RESC0603(1608)_L)
Added Component: Designator=R4(RESC0603(1608)_L)
Added Component: Designator=R5(RESC0603(1608)_L)
Added Component: Designator=R6(RESC0603(1608)_L)
Added Component: Designator=R7(RESC0603(1608)_L)
Added Pin To Net: NetName=VCC Pin=R1-2
Added Pin To Net: NetName=A Pin=R2-2
Added Pin To Net: NetName=DIO Pin=R3-1
Added Pin To Net: NetName=B Pin=R4-2
Added Pin To Net: NetName=GND Pin=R5-1
Added Pin To Net: NetName=A Pin=R5-2
Added Pin To Net: NetName=GND Pin=R6-1
Added Pin To Net: NetName=DIO Pin=R6-2
Added Pin To Net: NetName=GND Pin=R7-1
Added Pin To Net: NetName=B Pin=R7-2
Added Pin To Net: NetName=NetJP1_7 Pin=JP1-7
Added Pin To Net: NetName=NetJP1_7 Pin=R1-1
Added Net: Name=NetJP1_7
Added Pin To Net: NetName=NetR2_1 Pin=R2-1
Added Pin To Net: NetName=NetR2_1 Pin=U1-14
Added Net: Name=NetR2_1
Added Pin To Net: NetName=NetR3_2 Pin=R3-2
Added Pin To Net: NetName=NetR3_2 Pin=U1-10
Added Net: Name=NetR3_2
Added Pin To Net: NetName=NetR4_1 Pin=R4-1
Added Pin To Net: NetName=NetR4_1 Pin=U1-15
Added Net: Name=NetR4_1
Added Member To Class: ClassName=Encoder Member=Component R1 22R
Added Member To Class: ClassName=Encoder Member=Component R2 390R
Added Member To Class: ClassName=Encoder Member=Component R3 390R
Added Member To Class: ClassName=Encoder Member=Component R4 390R
Added Member To Class: ClassName=Encoder Member=Component R5 1K
Added Member To Class: ClassName=Encoder Member=Component R6 1K
Added Member To Class: ClassName=Encoder Member=Component R7 1K
