Removed Pin From Net: NetName=CLK Pin=JP1-5
Removed Pin From Net: NetName=CS Pin=JP1-6
Removed Pin From Net: NetName=A Pin=U1-3
Removed Pin From Net: NetName=B Pin=U1-4
Removed Pin From Net: NetName=GND Pin=U1-7
Removed Pin From Net: NetName=CLK Pin=U1-10
Removed Pin From Net: NetName=CS Pin=U1-11
Removed Pin From Net: NetName=VCC Pin=U1-15
Removed Pin From Net: NetName=VCC Pin=U1-16
Removed Pin From Net: NetName=GND Pin=U2-GND
Removed Pin From Net: NetName=VCC Pin=U2-Vout
Removed Member From Class: ClassName=Encoder Member=U2
Change Component DesignItemId : Designator=U1 Old DesignItemId=CMP-0870-00004-1 New DesignItemId=AMS-AS5147P
Change Component DesignItemId : Designator=JP1 Old DesignItemId=JST_7_RIGHT New DesignItemId=JST_8_VERT
Change Component Footprint: Designator=U1 Old Footprint=AMS-SSOP-16-6200X5300DE_L New Footprint=AMS-TSSOP-14-5000X4400DE_N
Change Component Footprint: Designator=JP1 Old Footprint=JST-7-PTH New Footprint=JST-8-PTH
Change Component Comment : Designator=U1 Old Comment=AS5045B New Comment=AS5147P
Added Pin To Net: NetName=CLK Pin=JP1-6
Added Pin To Net: NetName=CS Pin=JP1-7
Added Pin To Net: NetName=VCC Pin=JP1-8
Added Pin To Net: NetName=CS Pin=U1-1
Added Pin To Net: NetName=CLK Pin=U1-2
Added Pin To Net: NetName=GND Pin=U1-5
Added Pin To Net: NetName=B Pin=U1-6
Added Pin To Net: NetName=A Pin=U1-7
Added Pin To Net: NetName=VCC Pin=U1-11
Added Pin To Net: NetName=VCC Pin=U1-12
Added Pin To Net: NetName=GND Pin=U1-13
Added Pin To Net: NetName=MISO Pin=JP1-5
Added Pin To Net: NetName=MISO Pin=U1-3
Added Net: Name=MISO
Added Pin To Net: NetName=MOSI Pin=JP1-4
Added Pin To Net: NetName=MOSI Pin=U1-4
Added Net: Name=MOSI
