Added Component: Designator=JP1(JST-4-PTH-VERT)
Added Component: Designator=JP2(JST-4-PTH-VERT)
Added Component: Designator=P1(HDR1X4)
Added Component: Designator=U1(TEENSY_3.0+4)
Added Pin To Net: NetName=3V3 Pin=P1-3
Added Pin To Net: NetName=3V3 Pin=U1-3.3V
Added Net: Name=3V3
Added Pin To Net: NetName=GND Pin=JP1-1
Added Pin To Net: NetName=GND Pin=P1-4
Added Net: Name=GND
Added Pin To Net: NetName=SCL Pin=P1-1
Added Pin To Net: NetName=SCL Pin=U1-19/A5
Added Net: Name=SCL
Added Pin To Net: NetName=SDA Pin=P1-2
Added Pin To Net: NetName=SDA Pin=U1-18/A4
Added Net: Name=SDA
Added Pin To Net: NetName=SER_RX_1 Pin=JP1-3
Added Pin To Net: NetName=SER_RX_1 Pin=U1-0
Added Net: Name=SER_RX_1
Added Pin To Net: NetName=SER_RX_2 Pin=JP2-3
Added Pin To Net: NetName=SER_RX_2 Pin=U1-9
Added Net: Name=SER_RX_2
Added Pin To Net: NetName=SER_TX_1 Pin=JP1-2
Added Pin To Net: NetName=SER_TX_1 Pin=U1-1
Added Net: Name=SER_TX_1
Added Pin To Net: NetName=SER_TX_2 Pin=JP2-2
Added Pin To Net: NetName=SER_TX_2 Pin=U1-10
Added Net: Name=SER_TX_2
Added Pin To Net: NetName=VCC Pin=JP1-4
Added Pin To Net: NetName=VCC Pin=U1-VIN
Added Net: Name=VCC
Added Class: Name=Controller
